<?xml version="1.0" encoding="UTF-8"?>
<!-- Generated by org.testng.reporters.JUnitReportReporter -->
<testsuite skipped="0" hostname="T90" name="testNGTest.AddingNewCategoryTest" tests="1" failures="0" timestamp="2021-09-15T11:59:41 CDT" time="5.713" errors="0">
  <testcase name="userAddsNewCategoryName" time="5.713" classname="testNGTest.AddingNewCategoryTest"/>
  <system-out/>
</testsuite> <!-- testNGTest.AddingNewCategoryTest -->
