<?xml version="1.0" encoding="UTF-8"?>
<!-- Generated by org.testng.reporters.JUnitReportReporter -->
<testsuite skipped="0" hostname="T90" name="testNGTest.DropDownHasAllTheMonthsTest" tests="1" failures="0" timestamp="2021-09-18T17:21:33 CDT" time="2.966" errors="0">
  <testcase name="monthDropDown" time="2.966" classname="testNGTest.DropDownHasAllTheMonthsTest"/>
  <system-out/>
</testsuite> <!-- testNGTest.DropDownHasAllTheMonthsTest -->
