<?xml version="1.0" encoding="UTF-8"?>
<!-- Generated by org.testng.reporters.JUnitReportReporter -->
<testsuite skipped="0" hostname="T90" name="testNGTest.NoDuplicateCategoryCanBeAddedTest" tests="1" failures="0" timestamp="2021-09-18T15:54:53 CDT" time="4.958" errors="0">
  <testcase name="duplicateCategoryNameCannotBeAdded" time="4.958" classname="testNGTest.NoDuplicateCategoryCanBeAddedTest"/>
  <system-out/>
</testsuite> <!-- testNGTest.NoDuplicateCategoryCanBeAddedTest -->
